TimeQuest Timing Analyzer report for Tron2D
Sun Nov 28 11:07:03 2021
Quartus II Version 9.1 Build 350 03/24/2010 Service Pack 2 SJ Web Edition


---------------------
; Table of Contents ;
---------------------
  1. Legal Notice
  2. TimeQuest Timing Analyzer Summary
  3. Parallel Compilation
  4. SDC File List
  5. Clocks
  6. Fmax Summary
  7. Setup Summary
  8. Hold Summary
  9. Recovery Summary
 10. Removal Summary
 11. Minimum Pulse Width Summary
 12. Setup: 'my_clk'
 13. Hold: 'my_clk'
 14. Recovery: 'my_clk'
 15. Removal: 'my_clk'
 16. Minimum Pulse Width: 'my_clk'
 17. Clock to Output Times
 18. Minimum Clock to Output Times
 19. Setup Transfers
 20. Hold Transfers
 21. Recovery Transfers
 22. Removal Transfers
 23. Report TCCS
 24. Report RSKM
 25. Unconstrained Paths
 26. TimeQuest Timing Analyzer Messages



----------------
; Legal Notice ;
----------------
Copyright (C) 1991-2010 Altera Corporation
Your use of Altera Corporation's design tools, logic functions 
and other software and tools, and its AMPP partner logic 
functions, and any output files from any of the foregoing 
(including device programming or simulation files), and any 
associated documentation or information are expressly subject 
to the terms and conditions of the Altera Program License 
Subscription Agreement, Altera MegaCore Function License 
Agreement, or other applicable license agreement, including, 
without limitation, that your use is for the sole purpose of 
programming logic devices manufactured by Altera and sold by 
Altera or its authorized distributors.  Please refer to the 
applicable agreement for further details.



+-------------------------------------------------------------------------------------+
; TimeQuest Timing Analyzer Summary                                                   ;
+--------------------+----------------------------------------------------------------+
; Quartus II Version ; Version 9.1 Build 350 03/24/2010 Service Pack 2 SJ Web Edition ;
; Revision Name      ; Tron2D                                                         ;
; Device Family      ; Cyclone II                                                     ;
; Device Name        ; EP2C35F672C6                                                   ;
; Timing Models      ; Final                                                          ;
; Delay Model        ; Slow Model                                                     ;
; Rise/Fall Delays   ; Unavailable                                                    ;
+--------------------+----------------------------------------------------------------+


Parallel compilation was disabled, but you have multiple processors available. Enable parallel compilation to reduce compilation time.
+-------------------------------------+
; Parallel Compilation                ;
+----------------------------+--------+
; Processors                 ; Number ;
+----------------------------+--------+
; Number detected on machine ; 4      ;
; Maximum allowed            ; 1      ;
+----------------------------+--------+


+---------------------------------------------------+
; SDC File List                                     ;
+---------------+--------+--------------------------+
; SDC File Path ; Status ; Read at                  ;
+---------------+--------+--------------------------+
; SDC1.sdc      ; OK     ; Sun Nov 28 11:07:03 2021 ;
+---------------+--------+--------------------------+


+-----------------------------------------------------------------------------------------------------------------------------------------------------------------------------------+
; Clocks                                                                                                                                                                            ;
+------------+------+--------+-----------+-------+-------+------------+-----------+-------------+-------+--------+-----------+------------+----------+--------+--------+------------+
; Clock Name ; Type ; Period ; Frequency ; Rise  ; Fall  ; Duty Cycle ; Divide by ; Multiply by ; Phase ; Offset ; Edge List ; Edge Shift ; Inverted ; Master ; Source ; Targets    ;
+------------+------+--------+-----------+-------+-------+------------+-----------+-------------+-------+--------+-----------+------------+----------+--------+--------+------------+
; my_clk     ; Base ; 10.000 ; 100.0 MHz ; 0.000 ; 5.000 ;            ;           ;             ;       ;        ;           ;            ;          ;        ;        ; { OSC_50 } ;
+------------+------+--------+-----------+-------+-------+------------+-----------+-------------+-------+--------+-----------+------------+----------+--------+--------+------------+


+--------------------------------------------------+
; Fmax Summary                                     ;
+------------+-----------------+------------+------+
; Fmax       ; Restricted Fmax ; Clock Name ; Note ;
+------------+-----------------+------------+------+
; 100.51 MHz ; 100.51 MHz      ; my_clk     ;      ;
+------------+-----------------+------------+------+
This panel reports FMAX for every clock in the design, regardless of the user-specified clock periods.  FMAX is only computed for paths where the source and destination registers or ports are driven by the same clock.  Paths of different clocks, including generated clocks, are ignored.  For paths between a clock and its inversion, FMAX is computed as if the rising and falling edges are scaled along with FMAX, such that the duty cycle (in terms of a percentage) is maintained. Altera recommends that you always use clock constraints and other slack reports for sign-off analysis.


+--------------------------------+
; Setup Summary                  ;
+--------+-------+---------------+
; Clock  ; Slack ; End Point TNS ;
+--------+-------+---------------+
; my_clk ; 0.051 ; 0.000         ;
+--------+-------+---------------+


+--------------------------------+
; Hold Summary                   ;
+--------+-------+---------------+
; Clock  ; Slack ; End Point TNS ;
+--------+-------+---------------+
; my_clk ; 0.391 ; 0.000         ;
+--------+-------+---------------+


+--------------------------------+
; Recovery Summary               ;
+--------+-------+---------------+
; Clock  ; Slack ; End Point TNS ;
+--------+-------+---------------+
; my_clk ; 4.395 ; 0.000         ;
+--------+-------+---------------+


+--------------------------------+
; Removal Summary                ;
+--------+-------+---------------+
; Clock  ; Slack ; End Point TNS ;
+--------+-------+---------------+
; my_clk ; 3.769 ; 0.000         ;
+--------+-------+---------------+


+--------------------------------+
; Minimum Pulse Width Summary    ;
+--------+-------+---------------+
; Clock  ; Slack ; End Point TNS ;
+--------+-------+---------------+
; my_clk ; 4.000 ; 0.000         ;
+--------+-------+---------------+


+---------------------------------------------------------------------------------------------------------------------------------------------------------------------------+
; Setup: 'my_clk'                                                                                                                                                           ;
+-------+------------------------------------------------------------------------+--------------------+--------------+-------------+--------------+------------+------------+
; Slack ; From Node                                                              ; To Node            ; Launch Clock ; Latch Clock ; Relationship ; Clock Skew ; Data Delay ;
+-------+------------------------------------------------------------------------+--------------------+--------------+-------------+--------------+------------+------------+
; 0.051 ; user_interface:inst6|VGA_Visualisation:inst2|clk_div_two:inst9|clk_int ; VGA_CLK            ; my_clk       ; my_clk      ; 10.000       ; -1.867     ; 5.082      ;
; 7.160 ; f_div:inst10|q[11]                                                     ; f_div:inst10|q[15] ; my_clk       ; my_clk      ; 10.000       ; 0.000      ; 2.876      ;
; 7.160 ; f_div:inst10|q[11]                                                     ; f_div:inst10|q[14] ; my_clk       ; my_clk      ; 10.000       ; 0.000      ; 2.876      ;
; 7.160 ; f_div:inst10|q[11]                                                     ; f_div:inst10|q[1]  ; my_clk       ; my_clk      ; 10.000       ; 0.000      ; 2.876      ;
; 7.160 ; f_div:inst10|q[11]                                                     ; f_div:inst10|q[0]  ; my_clk       ; my_clk      ; 10.000       ; 0.000      ; 2.876      ;
; 7.160 ; f_div:inst10|q[11]                                                     ; f_div:inst10|q[2]  ; my_clk       ; my_clk      ; 10.000       ; 0.000      ; 2.876      ;
; 7.160 ; f_div:inst10|q[11]                                                     ; f_div:inst10|q[11] ; my_clk       ; my_clk      ; 10.000       ; 0.000      ; 2.876      ;
; 7.160 ; f_div:inst10|q[11]                                                     ; f_div:inst10|q[12] ; my_clk       ; my_clk      ; 10.000       ; 0.000      ; 2.876      ;
; 7.160 ; f_div:inst10|q[11]                                                     ; f_div:inst10|q[13] ; my_clk       ; my_clk      ; 10.000       ; 0.000      ; 2.876      ;
; 7.160 ; f_div:inst10|q[11]                                                     ; f_div:inst10|q[8]  ; my_clk       ; my_clk      ; 10.000       ; 0.000      ; 2.876      ;
; 7.160 ; f_div:inst10|q[11]                                                     ; f_div:inst10|q[10] ; my_clk       ; my_clk      ; 10.000       ; 0.000      ; 2.876      ;
; 7.160 ; f_div:inst10|q[11]                                                     ; f_div:inst10|q[7]  ; my_clk       ; my_clk      ; 10.000       ; 0.000      ; 2.876      ;
; 7.160 ; f_div:inst10|q[11]                                                     ; f_div:inst10|q[9]  ; my_clk       ; my_clk      ; 10.000       ; 0.000      ; 2.876      ;
; 7.160 ; f_div:inst10|q[11]                                                     ; f_div:inst10|q[6]  ; my_clk       ; my_clk      ; 10.000       ; 0.000      ; 2.876      ;
; 7.160 ; f_div:inst10|q[11]                                                     ; f_div:inst10|q[4]  ; my_clk       ; my_clk      ; 10.000       ; 0.000      ; 2.876      ;
; 7.160 ; f_div:inst10|q[11]                                                     ; f_div:inst10|q[5]  ; my_clk       ; my_clk      ; 10.000       ; 0.000      ; 2.876      ;
; 7.160 ; f_div:inst10|q[11]                                                     ; f_div:inst10|q[3]  ; my_clk       ; my_clk      ; 10.000       ; 0.000      ; 2.876      ;
; 7.281 ; f_div:inst10|q[10]                                                     ; f_div:inst10|q[15] ; my_clk       ; my_clk      ; 10.000       ; 0.000      ; 2.755      ;
; 7.281 ; f_div:inst10|q[10]                                                     ; f_div:inst10|q[14] ; my_clk       ; my_clk      ; 10.000       ; 0.000      ; 2.755      ;
; 7.281 ; f_div:inst10|q[10]                                                     ; f_div:inst10|q[1]  ; my_clk       ; my_clk      ; 10.000       ; 0.000      ; 2.755      ;
; 7.281 ; f_div:inst10|q[10]                                                     ; f_div:inst10|q[0]  ; my_clk       ; my_clk      ; 10.000       ; 0.000      ; 2.755      ;
; 7.281 ; f_div:inst10|q[10]                                                     ; f_div:inst10|q[2]  ; my_clk       ; my_clk      ; 10.000       ; 0.000      ; 2.755      ;
; 7.281 ; f_div:inst10|q[10]                                                     ; f_div:inst10|q[11] ; my_clk       ; my_clk      ; 10.000       ; 0.000      ; 2.755      ;
; 7.281 ; f_div:inst10|q[10]                                                     ; f_div:inst10|q[12] ; my_clk       ; my_clk      ; 10.000       ; 0.000      ; 2.755      ;
; 7.281 ; f_div:inst10|q[10]                                                     ; f_div:inst10|q[13] ; my_clk       ; my_clk      ; 10.000       ; 0.000      ; 2.755      ;
; 7.281 ; f_div:inst10|q[10]                                                     ; f_div:inst10|q[8]  ; my_clk       ; my_clk      ; 10.000       ; 0.000      ; 2.755      ;
; 7.281 ; f_div:inst10|q[10]                                                     ; f_div:inst10|q[10] ; my_clk       ; my_clk      ; 10.000       ; 0.000      ; 2.755      ;
; 7.281 ; f_div:inst10|q[10]                                                     ; f_div:inst10|q[7]  ; my_clk       ; my_clk      ; 10.000       ; 0.000      ; 2.755      ;
; 7.281 ; f_div:inst10|q[10]                                                     ; f_div:inst10|q[9]  ; my_clk       ; my_clk      ; 10.000       ; 0.000      ; 2.755      ;
; 7.281 ; f_div:inst10|q[10]                                                     ; f_div:inst10|q[6]  ; my_clk       ; my_clk      ; 10.000       ; 0.000      ; 2.755      ;
; 7.281 ; f_div:inst10|q[10]                                                     ; f_div:inst10|q[4]  ; my_clk       ; my_clk      ; 10.000       ; 0.000      ; 2.755      ;
; 7.281 ; f_div:inst10|q[10]                                                     ; f_div:inst10|q[5]  ; my_clk       ; my_clk      ; 10.000       ; 0.000      ; 2.755      ;
; 7.281 ; f_div:inst10|q[10]                                                     ; f_div:inst10|q[3]  ; my_clk       ; my_clk      ; 10.000       ; 0.000      ; 2.755      ;
; 7.295 ; f_div:inst10|q[1]                                                      ; f_div:inst10|q[15] ; my_clk       ; my_clk      ; 10.000       ; 0.000      ; 2.741      ;
; 7.295 ; f_div:inst10|q[1]                                                      ; f_div:inst10|q[14] ; my_clk       ; my_clk      ; 10.000       ; 0.000      ; 2.741      ;
; 7.295 ; f_div:inst10|q[1]                                                      ; f_div:inst10|q[1]  ; my_clk       ; my_clk      ; 10.000       ; 0.000      ; 2.741      ;
; 7.295 ; f_div:inst10|q[1]                                                      ; f_div:inst10|q[0]  ; my_clk       ; my_clk      ; 10.000       ; 0.000      ; 2.741      ;
; 7.295 ; f_div:inst10|q[1]                                                      ; f_div:inst10|q[2]  ; my_clk       ; my_clk      ; 10.000       ; 0.000      ; 2.741      ;
; 7.295 ; f_div:inst10|q[1]                                                      ; f_div:inst10|q[11] ; my_clk       ; my_clk      ; 10.000       ; 0.000      ; 2.741      ;
; 7.295 ; f_div:inst10|q[1]                                                      ; f_div:inst10|q[12] ; my_clk       ; my_clk      ; 10.000       ; 0.000      ; 2.741      ;
; 7.295 ; f_div:inst10|q[1]                                                      ; f_div:inst10|q[13] ; my_clk       ; my_clk      ; 10.000       ; 0.000      ; 2.741      ;
; 7.295 ; f_div:inst10|q[1]                                                      ; f_div:inst10|q[8]  ; my_clk       ; my_clk      ; 10.000       ; 0.000      ; 2.741      ;
; 7.295 ; f_div:inst10|q[1]                                                      ; f_div:inst10|q[10] ; my_clk       ; my_clk      ; 10.000       ; 0.000      ; 2.741      ;
; 7.295 ; f_div:inst10|q[1]                                                      ; f_div:inst10|q[7]  ; my_clk       ; my_clk      ; 10.000       ; 0.000      ; 2.741      ;
; 7.295 ; f_div:inst10|q[1]                                                      ; f_div:inst10|q[9]  ; my_clk       ; my_clk      ; 10.000       ; 0.000      ; 2.741      ;
; 7.295 ; f_div:inst10|q[1]                                                      ; f_div:inst10|q[6]  ; my_clk       ; my_clk      ; 10.000       ; 0.000      ; 2.741      ;
; 7.295 ; f_div:inst10|q[1]                                                      ; f_div:inst10|q[4]  ; my_clk       ; my_clk      ; 10.000       ; 0.000      ; 2.741      ;
; 7.295 ; f_div:inst10|q[1]                                                      ; f_div:inst10|q[5]  ; my_clk       ; my_clk      ; 10.000       ; 0.000      ; 2.741      ;
; 7.295 ; f_div:inst10|q[1]                                                      ; f_div:inst10|q[3]  ; my_clk       ; my_clk      ; 10.000       ; 0.000      ; 2.741      ;
; 7.357 ; f_div:inst10|q[15]                                                     ; f_div:inst10|q[15] ; my_clk       ; my_clk      ; 10.000       ; 0.000      ; 2.679      ;
; 7.357 ; f_div:inst10|q[15]                                                     ; f_div:inst10|q[14] ; my_clk       ; my_clk      ; 10.000       ; 0.000      ; 2.679      ;
; 7.357 ; f_div:inst10|q[15]                                                     ; f_div:inst10|q[1]  ; my_clk       ; my_clk      ; 10.000       ; 0.000      ; 2.679      ;
; 7.357 ; f_div:inst10|q[15]                                                     ; f_div:inst10|q[0]  ; my_clk       ; my_clk      ; 10.000       ; 0.000      ; 2.679      ;
; 7.357 ; f_div:inst10|q[15]                                                     ; f_div:inst10|q[2]  ; my_clk       ; my_clk      ; 10.000       ; 0.000      ; 2.679      ;
; 7.357 ; f_div:inst10|q[15]                                                     ; f_div:inst10|q[11] ; my_clk       ; my_clk      ; 10.000       ; 0.000      ; 2.679      ;
; 7.357 ; f_div:inst10|q[15]                                                     ; f_div:inst10|q[12] ; my_clk       ; my_clk      ; 10.000       ; 0.000      ; 2.679      ;
; 7.357 ; f_div:inst10|q[15]                                                     ; f_div:inst10|q[13] ; my_clk       ; my_clk      ; 10.000       ; 0.000      ; 2.679      ;
; 7.357 ; f_div:inst10|q[15]                                                     ; f_div:inst10|q[8]  ; my_clk       ; my_clk      ; 10.000       ; 0.000      ; 2.679      ;
; 7.357 ; f_div:inst10|q[15]                                                     ; f_div:inst10|q[10] ; my_clk       ; my_clk      ; 10.000       ; 0.000      ; 2.679      ;
; 7.357 ; f_div:inst10|q[15]                                                     ; f_div:inst10|q[7]  ; my_clk       ; my_clk      ; 10.000       ; 0.000      ; 2.679      ;
; 7.357 ; f_div:inst10|q[15]                                                     ; f_div:inst10|q[9]  ; my_clk       ; my_clk      ; 10.000       ; 0.000      ; 2.679      ;
; 7.357 ; f_div:inst10|q[15]                                                     ; f_div:inst10|q[6]  ; my_clk       ; my_clk      ; 10.000       ; 0.000      ; 2.679      ;
; 7.357 ; f_div:inst10|q[15]                                                     ; f_div:inst10|q[4]  ; my_clk       ; my_clk      ; 10.000       ; 0.000      ; 2.679      ;
; 7.357 ; f_div:inst10|q[15]                                                     ; f_div:inst10|q[5]  ; my_clk       ; my_clk      ; 10.000       ; 0.000      ; 2.679      ;
; 7.357 ; f_div:inst10|q[15]                                                     ; f_div:inst10|q[3]  ; my_clk       ; my_clk      ; 10.000       ; 0.000      ; 2.679      ;
; 7.375 ; f_div:inst10|q[12]                                                     ; f_div:inst10|q[15] ; my_clk       ; my_clk      ; 10.000       ; 0.000      ; 2.661      ;
; 7.375 ; f_div:inst10|q[12]                                                     ; f_div:inst10|q[14] ; my_clk       ; my_clk      ; 10.000       ; 0.000      ; 2.661      ;
; 7.375 ; f_div:inst10|q[12]                                                     ; f_div:inst10|q[1]  ; my_clk       ; my_clk      ; 10.000       ; 0.000      ; 2.661      ;
; 7.375 ; f_div:inst10|q[12]                                                     ; f_div:inst10|q[0]  ; my_clk       ; my_clk      ; 10.000       ; 0.000      ; 2.661      ;
; 7.375 ; f_div:inst10|q[12]                                                     ; f_div:inst10|q[2]  ; my_clk       ; my_clk      ; 10.000       ; 0.000      ; 2.661      ;
; 7.375 ; f_div:inst10|q[12]                                                     ; f_div:inst10|q[11] ; my_clk       ; my_clk      ; 10.000       ; 0.000      ; 2.661      ;
; 7.375 ; f_div:inst10|q[12]                                                     ; f_div:inst10|q[12] ; my_clk       ; my_clk      ; 10.000       ; 0.000      ; 2.661      ;
; 7.375 ; f_div:inst10|q[12]                                                     ; f_div:inst10|q[13] ; my_clk       ; my_clk      ; 10.000       ; 0.000      ; 2.661      ;
; 7.375 ; f_div:inst10|q[12]                                                     ; f_div:inst10|q[8]  ; my_clk       ; my_clk      ; 10.000       ; 0.000      ; 2.661      ;
; 7.375 ; f_div:inst10|q[12]                                                     ; f_div:inst10|q[10] ; my_clk       ; my_clk      ; 10.000       ; 0.000      ; 2.661      ;
; 7.375 ; f_div:inst10|q[12]                                                     ; f_div:inst10|q[7]  ; my_clk       ; my_clk      ; 10.000       ; 0.000      ; 2.661      ;
; 7.375 ; f_div:inst10|q[12]                                                     ; f_div:inst10|q[9]  ; my_clk       ; my_clk      ; 10.000       ; 0.000      ; 2.661      ;
; 7.375 ; f_div:inst10|q[12]                                                     ; f_div:inst10|q[6]  ; my_clk       ; my_clk      ; 10.000       ; 0.000      ; 2.661      ;
; 7.375 ; f_div:inst10|q[12]                                                     ; f_div:inst10|q[4]  ; my_clk       ; my_clk      ; 10.000       ; 0.000      ; 2.661      ;
; 7.375 ; f_div:inst10|q[12]                                                     ; f_div:inst10|q[5]  ; my_clk       ; my_clk      ; 10.000       ; 0.000      ; 2.661      ;
; 7.375 ; f_div:inst10|q[12]                                                     ; f_div:inst10|q[3]  ; my_clk       ; my_clk      ; 10.000       ; 0.000      ; 2.661      ;
; 7.377 ; f_div:inst10|q[6]                                                      ; f_div:inst10|q[15] ; my_clk       ; my_clk      ; 10.000       ; 0.000      ; 2.659      ;
; 7.377 ; f_div:inst10|q[6]                                                      ; f_div:inst10|q[14] ; my_clk       ; my_clk      ; 10.000       ; 0.000      ; 2.659      ;
; 7.377 ; f_div:inst10|q[6]                                                      ; f_div:inst10|q[1]  ; my_clk       ; my_clk      ; 10.000       ; 0.000      ; 2.659      ;
; 7.377 ; f_div:inst10|q[6]                                                      ; f_div:inst10|q[0]  ; my_clk       ; my_clk      ; 10.000       ; 0.000      ; 2.659      ;
; 7.377 ; f_div:inst10|q[6]                                                      ; f_div:inst10|q[2]  ; my_clk       ; my_clk      ; 10.000       ; 0.000      ; 2.659      ;
; 7.377 ; f_div:inst10|q[6]                                                      ; f_div:inst10|q[11] ; my_clk       ; my_clk      ; 10.000       ; 0.000      ; 2.659      ;
; 7.377 ; f_div:inst10|q[6]                                                      ; f_div:inst10|q[12] ; my_clk       ; my_clk      ; 10.000       ; 0.000      ; 2.659      ;
; 7.377 ; f_div:inst10|q[6]                                                      ; f_div:inst10|q[13] ; my_clk       ; my_clk      ; 10.000       ; 0.000      ; 2.659      ;
; 7.377 ; f_div:inst10|q[6]                                                      ; f_div:inst10|q[8]  ; my_clk       ; my_clk      ; 10.000       ; 0.000      ; 2.659      ;
; 7.377 ; f_div:inst10|q[6]                                                      ; f_div:inst10|q[10] ; my_clk       ; my_clk      ; 10.000       ; 0.000      ; 2.659      ;
; 7.377 ; f_div:inst10|q[6]                                                      ; f_div:inst10|q[7]  ; my_clk       ; my_clk      ; 10.000       ; 0.000      ; 2.659      ;
; 7.377 ; f_div:inst10|q[6]                                                      ; f_div:inst10|q[9]  ; my_clk       ; my_clk      ; 10.000       ; 0.000      ; 2.659      ;
; 7.377 ; f_div:inst10|q[6]                                                      ; f_div:inst10|q[6]  ; my_clk       ; my_clk      ; 10.000       ; 0.000      ; 2.659      ;
; 7.377 ; f_div:inst10|q[6]                                                      ; f_div:inst10|q[4]  ; my_clk       ; my_clk      ; 10.000       ; 0.000      ; 2.659      ;
; 7.377 ; f_div:inst10|q[6]                                                      ; f_div:inst10|q[5]  ; my_clk       ; my_clk      ; 10.000       ; 0.000      ; 2.659      ;
; 7.377 ; f_div:inst10|q[6]                                                      ; f_div:inst10|q[3]  ; my_clk       ; my_clk      ; 10.000       ; 0.000      ; 2.659      ;
; 7.436 ; f_div:inst10|q[8]                                                      ; f_div:inst10|q[15] ; my_clk       ; my_clk      ; 10.000       ; 0.000      ; 2.600      ;
; 7.436 ; f_div:inst10|q[8]                                                      ; f_div:inst10|q[14] ; my_clk       ; my_clk      ; 10.000       ; 0.000      ; 2.600      ;
; 7.436 ; f_div:inst10|q[8]                                                      ; f_div:inst10|q[1]  ; my_clk       ; my_clk      ; 10.000       ; 0.000      ; 2.600      ;
+-------+------------------------------------------------------------------------+--------------------+--------------+-------------+--------------+------------+------------+


+-------------------------------------------------------------------------------------------------------------------------------------------------------------------------------------------------------------------------------+
; Hold: 'my_clk'                                                                                                                                                                                                                ;
+-------+------------------------------------------------------------------------+------------------------------------------------------------------------+--------------+-------------+--------------+------------+------------+
; Slack ; From Node                                                              ; To Node                                                                ; Launch Clock ; Latch Clock ; Relationship ; Clock Skew ; Data Delay ;
+-------+------------------------------------------------------------------------+------------------------------------------------------------------------+--------------+-------------+--------------+------------+------------+
; 0.391 ; user_interface:inst6|VGA_Visualisation:inst2|clk_div_two:inst9|clk_int ; user_interface:inst6|VGA_Visualisation:inst2|clk_div_two:inst9|clk_int ; my_clk       ; my_clk      ; 0.000        ; 0.000      ; 0.657      ;
; 0.531 ; f_div:inst10|q[15]                                                     ; f_div:inst10|q[15]                                                     ; my_clk       ; my_clk      ; 0.000        ; 0.000      ; 0.797      ;
; 0.795 ; f_div:inst10|q[0]                                                      ; f_div:inst10|q[0]                                                      ; my_clk       ; my_clk      ; 0.000        ; 0.000      ; 1.061      ;
; 0.805 ; f_div:inst10|q[1]                                                      ; f_div:inst10|q[1]                                                      ; my_clk       ; my_clk      ; 0.000        ; 0.000      ; 1.071      ;
; 0.806 ; f_div:inst10|q[14]                                                     ; f_div:inst10|q[14]                                                     ; my_clk       ; my_clk      ; 0.000        ; 0.000      ; 1.072      ;
; 0.806 ; f_div:inst10|q[2]                                                      ; f_div:inst10|q[2]                                                      ; my_clk       ; my_clk      ; 0.000        ; 0.000      ; 1.072      ;
; 0.806 ; f_div:inst10|q[11]                                                     ; f_div:inst10|q[11]                                                     ; my_clk       ; my_clk      ; 0.000        ; 0.000      ; 1.072      ;
; 0.806 ; f_div:inst10|q[13]                                                     ; f_div:inst10|q[13]                                                     ; my_clk       ; my_clk      ; 0.000        ; 0.000      ; 1.072      ;
; 0.806 ; f_div:inst10|q[7]                                                      ; f_div:inst10|q[7]                                                      ; my_clk       ; my_clk      ; 0.000        ; 0.000      ; 1.072      ;
; 0.806 ; f_div:inst10|q[9]                                                      ; f_div:inst10|q[9]                                                      ; my_clk       ; my_clk      ; 0.000        ; 0.000      ; 1.072      ;
; 0.806 ; f_div:inst10|q[4]                                                      ; f_div:inst10|q[4]                                                      ; my_clk       ; my_clk      ; 0.000        ; 0.000      ; 1.072      ;
; 0.838 ; f_div:inst10|q[12]                                                     ; f_div:inst10|q[12]                                                     ; my_clk       ; my_clk      ; 0.000        ; 0.000      ; 1.104      ;
; 0.838 ; f_div:inst10|q[8]                                                      ; f_div:inst10|q[8]                                                      ; my_clk       ; my_clk      ; 0.000        ; 0.000      ; 1.104      ;
; 0.838 ; f_div:inst10|q[10]                                                     ; f_div:inst10|q[10]                                                     ; my_clk       ; my_clk      ; 0.000        ; 0.000      ; 1.104      ;
; 0.838 ; f_div:inst10|q[3]                                                      ; f_div:inst10|q[3]                                                      ; my_clk       ; my_clk      ; 0.000        ; 0.000      ; 1.104      ;
; 0.839 ; f_div:inst10|q[6]                                                      ; f_div:inst10|q[6]                                                      ; my_clk       ; my_clk      ; 0.000        ; 0.000      ; 1.105      ;
; 0.839 ; f_div:inst10|q[5]                                                      ; f_div:inst10|q[5]                                                      ; my_clk       ; my_clk      ; 0.000        ; 0.000      ; 1.105      ;
; 1.178 ; f_div:inst10|q[0]                                                      ; f_div:inst10|q[1]                                                      ; my_clk       ; my_clk      ; 0.000        ; 0.000      ; 1.444      ;
; 1.188 ; f_div:inst10|q[1]                                                      ; f_div:inst10|q[2]                                                      ; my_clk       ; my_clk      ; 0.000        ; 0.000      ; 1.454      ;
; 1.189 ; f_div:inst10|q[14]                                                     ; f_div:inst10|q[15]                                                     ; my_clk       ; my_clk      ; 0.000        ; 0.000      ; 1.455      ;
; 1.189 ; f_div:inst10|q[13]                                                     ; f_div:inst10|q[14]                                                     ; my_clk       ; my_clk      ; 0.000        ; 0.000      ; 1.455      ;
; 1.189 ; f_div:inst10|q[11]                                                     ; f_div:inst10|q[12]                                                     ; my_clk       ; my_clk      ; 0.000        ; 0.000      ; 1.455      ;
; 1.189 ; f_div:inst10|q[9]                                                      ; f_div:inst10|q[10]                                                     ; my_clk       ; my_clk      ; 0.000        ; 0.000      ; 1.455      ;
; 1.189 ; f_div:inst10|q[2]                                                      ; f_div:inst10|q[3]                                                      ; my_clk       ; my_clk      ; 0.000        ; 0.000      ; 1.455      ;
; 1.189 ; f_div:inst10|q[4]                                                      ; f_div:inst10|q[5]                                                      ; my_clk       ; my_clk      ; 0.000        ; 0.000      ; 1.455      ;
; 1.224 ; f_div:inst10|q[10]                                                     ; f_div:inst10|q[11]                                                     ; my_clk       ; my_clk      ; 0.000        ; 0.000      ; 1.490      ;
; 1.224 ; f_div:inst10|q[12]                                                     ; f_div:inst10|q[13]                                                     ; my_clk       ; my_clk      ; 0.000        ; 0.000      ; 1.490      ;
; 1.224 ; f_div:inst10|q[8]                                                      ; f_div:inst10|q[9]                                                      ; my_clk       ; my_clk      ; 0.000        ; 0.000      ; 1.490      ;
; 1.224 ; f_div:inst10|q[3]                                                      ; f_div:inst10|q[4]                                                      ; my_clk       ; my_clk      ; 0.000        ; 0.000      ; 1.490      ;
; 1.225 ; f_div:inst10|q[6]                                                      ; f_div:inst10|q[7]                                                      ; my_clk       ; my_clk      ; 0.000        ; 0.000      ; 1.491      ;
; 1.225 ; f_div:inst10|q[5]                                                      ; f_div:inst10|q[6]                                                      ; my_clk       ; my_clk      ; 0.000        ; 0.000      ; 1.491      ;
; 1.249 ; f_div:inst10|q[0]                                                      ; f_div:inst10|q[2]                                                      ; my_clk       ; my_clk      ; 0.000        ; 0.000      ; 1.515      ;
; 1.259 ; f_div:inst10|q[1]                                                      ; f_div:inst10|q[3]                                                      ; my_clk       ; my_clk      ; 0.000        ; 0.000      ; 1.525      ;
; 1.260 ; f_div:inst10|q[13]                                                     ; f_div:inst10|q[15]                                                     ; my_clk       ; my_clk      ; 0.000        ; 0.000      ; 1.526      ;
; 1.260 ; f_div:inst10|q[9]                                                      ; f_div:inst10|q[11]                                                     ; my_clk       ; my_clk      ; 0.000        ; 0.000      ; 1.526      ;
; 1.260 ; f_div:inst10|q[11]                                                     ; f_div:inst10|q[13]                                                     ; my_clk       ; my_clk      ; 0.000        ; 0.000      ; 1.526      ;
; 1.260 ; f_div:inst10|q[2]                                                      ; f_div:inst10|q[4]                                                      ; my_clk       ; my_clk      ; 0.000        ; 0.000      ; 1.526      ;
; 1.260 ; f_div:inst10|q[4]                                                      ; f_div:inst10|q[6]                                                      ; my_clk       ; my_clk      ; 0.000        ; 0.000      ; 1.526      ;
; 1.281 ; f_div:inst10|q[7]                                                      ; f_div:inst10|q[8]                                                      ; my_clk       ; my_clk      ; 0.000        ; 0.000      ; 1.547      ;
; 1.295 ; f_div:inst10|q[12]                                                     ; f_div:inst10|q[14]                                                     ; my_clk       ; my_clk      ; 0.000        ; 0.000      ; 1.561      ;
; 1.295 ; f_div:inst10|q[10]                                                     ; f_div:inst10|q[12]                                                     ; my_clk       ; my_clk      ; 0.000        ; 0.000      ; 1.561      ;
; 1.295 ; f_div:inst10|q[8]                                                      ; f_div:inst10|q[10]                                                     ; my_clk       ; my_clk      ; 0.000        ; 0.000      ; 1.561      ;
; 1.295 ; f_div:inst10|q[3]                                                      ; f_div:inst10|q[5]                                                      ; my_clk       ; my_clk      ; 0.000        ; 0.000      ; 1.561      ;
; 1.296 ; f_div:inst10|q[5]                                                      ; f_div:inst10|q[7]                                                      ; my_clk       ; my_clk      ; 0.000        ; 0.000      ; 1.562      ;
; 1.320 ; f_div:inst10|q[0]                                                      ; f_div:inst10|q[3]                                                      ; my_clk       ; my_clk      ; 0.000        ; 0.000      ; 1.586      ;
; 1.330 ; f_div:inst10|q[1]                                                      ; f_div:inst10|q[4]                                                      ; my_clk       ; my_clk      ; 0.000        ; 0.000      ; 1.596      ;
; 1.331 ; f_div:inst10|q[11]                                                     ; f_div:inst10|q[14]                                                     ; my_clk       ; my_clk      ; 0.000        ; 0.000      ; 1.597      ;
; 1.331 ; f_div:inst10|q[9]                                                      ; f_div:inst10|q[12]                                                     ; my_clk       ; my_clk      ; 0.000        ; 0.000      ; 1.597      ;
; 1.331 ; f_div:inst10|q[2]                                                      ; f_div:inst10|q[5]                                                      ; my_clk       ; my_clk      ; 0.000        ; 0.000      ; 1.597      ;
; 1.331 ; f_div:inst10|q[4]                                                      ; f_div:inst10|q[7]                                                      ; my_clk       ; my_clk      ; 0.000        ; 0.000      ; 1.597      ;
; 1.352 ; f_div:inst10|q[7]                                                      ; f_div:inst10|q[9]                                                      ; my_clk       ; my_clk      ; 0.000        ; 0.000      ; 1.618      ;
; 1.366 ; f_div:inst10|q[12]                                                     ; f_div:inst10|q[15]                                                     ; my_clk       ; my_clk      ; 0.000        ; 0.000      ; 1.632      ;
; 1.366 ; f_div:inst10|q[8]                                                      ; f_div:inst10|q[11]                                                     ; my_clk       ; my_clk      ; 0.000        ; 0.000      ; 1.632      ;
; 1.366 ; f_div:inst10|q[10]                                                     ; f_div:inst10|q[13]                                                     ; my_clk       ; my_clk      ; 0.000        ; 0.000      ; 1.632      ;
; 1.366 ; f_div:inst10|q[3]                                                      ; f_div:inst10|q[6]                                                      ; my_clk       ; my_clk      ; 0.000        ; 0.000      ; 1.632      ;
; 1.384 ; f_div:inst10|q[6]                                                      ; f_div:inst10|q[8]                                                      ; my_clk       ; my_clk      ; 0.000        ; 0.000      ; 1.650      ;
; 1.391 ; f_div:inst10|q[0]                                                      ; f_div:inst10|q[4]                                                      ; my_clk       ; my_clk      ; 0.000        ; 0.000      ; 1.657      ;
; 1.401 ; f_div:inst10|q[1]                                                      ; f_div:inst10|q[5]                                                      ; my_clk       ; my_clk      ; 0.000        ; 0.000      ; 1.667      ;
; 1.402 ; f_div:inst10|q[11]                                                     ; f_div:inst10|q[15]                                                     ; my_clk       ; my_clk      ; 0.000        ; 0.000      ; 1.668      ;
; 1.402 ; f_div:inst10|q[9]                                                      ; f_div:inst10|q[13]                                                     ; my_clk       ; my_clk      ; 0.000        ; 0.000      ; 1.668      ;
; 1.402 ; f_div:inst10|q[2]                                                      ; f_div:inst10|q[6]                                                      ; my_clk       ; my_clk      ; 0.000        ; 0.000      ; 1.668      ;
; 1.423 ; f_div:inst10|q[7]                                                      ; f_div:inst10|q[10]                                                     ; my_clk       ; my_clk      ; 0.000        ; 0.000      ; 1.689      ;
; 1.437 ; f_div:inst10|q[10]                                                     ; f_div:inst10|q[14]                                                     ; my_clk       ; my_clk      ; 0.000        ; 0.000      ; 1.703      ;
; 1.437 ; f_div:inst10|q[8]                                                      ; f_div:inst10|q[12]                                                     ; my_clk       ; my_clk      ; 0.000        ; 0.000      ; 1.703      ;
; 1.437 ; f_div:inst10|q[3]                                                      ; f_div:inst10|q[7]                                                      ; my_clk       ; my_clk      ; 0.000        ; 0.000      ; 1.703      ;
; 1.455 ; f_div:inst10|q[6]                                                      ; f_div:inst10|q[9]                                                      ; my_clk       ; my_clk      ; 0.000        ; 0.000      ; 1.721      ;
; 1.455 ; f_div:inst10|q[5]                                                      ; f_div:inst10|q[8]                                                      ; my_clk       ; my_clk      ; 0.000        ; 0.000      ; 1.721      ;
; 1.462 ; f_div:inst10|q[0]                                                      ; f_div:inst10|q[5]                                                      ; my_clk       ; my_clk      ; 0.000        ; 0.000      ; 1.728      ;
; 1.472 ; f_div:inst10|q[1]                                                      ; f_div:inst10|q[6]                                                      ; my_clk       ; my_clk      ; 0.000        ; 0.000      ; 1.738      ;
; 1.473 ; f_div:inst10|q[9]                                                      ; f_div:inst10|q[14]                                                     ; my_clk       ; my_clk      ; 0.000        ; 0.000      ; 1.739      ;
; 1.473 ; f_div:inst10|q[2]                                                      ; f_div:inst10|q[7]                                                      ; my_clk       ; my_clk      ; 0.000        ; 0.000      ; 1.739      ;
; 1.490 ; f_div:inst10|q[4]                                                      ; f_div:inst10|q[8]                                                      ; my_clk       ; my_clk      ; 0.000        ; 0.000      ; 1.756      ;
; 1.494 ; f_div:inst10|q[7]                                                      ; f_div:inst10|q[11]                                                     ; my_clk       ; my_clk      ; 0.000        ; 0.000      ; 1.760      ;
; 1.501 ; f_div:inst10|q[15]                                                     ; f_div:inst10|clkout                                                    ; my_clk       ; my_clk      ; 0.000        ; -0.814     ; 0.953      ;
; 1.508 ; f_div:inst10|q[10]                                                     ; f_div:inst10|q[15]                                                     ; my_clk       ; my_clk      ; 0.000        ; 0.000      ; 1.774      ;
; 1.508 ; f_div:inst10|q[8]                                                      ; f_div:inst10|q[13]                                                     ; my_clk       ; my_clk      ; 0.000        ; 0.000      ; 1.774      ;
; 1.526 ; f_div:inst10|q[6]                                                      ; f_div:inst10|q[10]                                                     ; my_clk       ; my_clk      ; 0.000        ; 0.000      ; 1.792      ;
; 1.526 ; f_div:inst10|q[5]                                                      ; f_div:inst10|q[9]                                                      ; my_clk       ; my_clk      ; 0.000        ; 0.000      ; 1.792      ;
; 1.533 ; f_div:inst10|q[0]                                                      ; f_div:inst10|q[6]                                                      ; my_clk       ; my_clk      ; 0.000        ; 0.000      ; 1.799      ;
; 1.543 ; f_div:inst10|q[1]                                                      ; f_div:inst10|q[7]                                                      ; my_clk       ; my_clk      ; 0.000        ; 0.000      ; 1.809      ;
; 1.544 ; f_div:inst10|q[9]                                                      ; f_div:inst10|q[15]                                                     ; my_clk       ; my_clk      ; 0.000        ; 0.000      ; 1.810      ;
; 1.561 ; f_div:inst10|q[4]                                                      ; f_div:inst10|q[9]                                                      ; my_clk       ; my_clk      ; 0.000        ; 0.000      ; 1.827      ;
; 1.565 ; f_div:inst10|q[7]                                                      ; f_div:inst10|q[12]                                                     ; my_clk       ; my_clk      ; 0.000        ; 0.000      ; 1.831      ;
; 1.579 ; f_div:inst10|q[8]                                                      ; f_div:inst10|q[14]                                                     ; my_clk       ; my_clk      ; 0.000        ; 0.000      ; 1.845      ;
; 1.596 ; f_div:inst10|q[3]                                                      ; f_div:inst10|q[8]                                                      ; my_clk       ; my_clk      ; 0.000        ; 0.000      ; 1.862      ;
; 1.597 ; f_div:inst10|q[6]                                                      ; f_div:inst10|q[11]                                                     ; my_clk       ; my_clk      ; 0.000        ; 0.000      ; 1.863      ;
; 1.597 ; f_div:inst10|q[5]                                                      ; f_div:inst10|q[10]                                                     ; my_clk       ; my_clk      ; 0.000        ; 0.000      ; 1.863      ;
; 1.604 ; f_div:inst10|q[0]                                                      ; f_div:inst10|q[7]                                                      ; my_clk       ; my_clk      ; 0.000        ; 0.000      ; 1.870      ;
; 1.632 ; f_div:inst10|q[2]                                                      ; f_div:inst10|q[8]                                                      ; my_clk       ; my_clk      ; 0.000        ; 0.000      ; 1.898      ;
; 1.632 ; f_div:inst10|q[4]                                                      ; f_div:inst10|q[10]                                                     ; my_clk       ; my_clk      ; 0.000        ; 0.000      ; 1.898      ;
; 1.636 ; f_div:inst10|q[7]                                                      ; f_div:inst10|q[13]                                                     ; my_clk       ; my_clk      ; 0.000        ; 0.000      ; 1.902      ;
; 1.650 ; f_div:inst10|q[8]                                                      ; f_div:inst10|q[15]                                                     ; my_clk       ; my_clk      ; 0.000        ; 0.000      ; 1.916      ;
; 1.667 ; f_div:inst10|q[3]                                                      ; f_div:inst10|q[9]                                                      ; my_clk       ; my_clk      ; 0.000        ; 0.000      ; 1.933      ;
; 1.668 ; f_div:inst10|q[6]                                                      ; f_div:inst10|q[12]                                                     ; my_clk       ; my_clk      ; 0.000        ; 0.000      ; 1.934      ;
; 1.668 ; f_div:inst10|q[5]                                                      ; f_div:inst10|q[11]                                                     ; my_clk       ; my_clk      ; 0.000        ; 0.000      ; 1.934      ;
; 1.702 ; f_div:inst10|q[1]                                                      ; f_div:inst10|q[8]                                                      ; my_clk       ; my_clk      ; 0.000        ; 0.000      ; 1.968      ;
; 1.703 ; f_div:inst10|q[2]                                                      ; f_div:inst10|q[9]                                                      ; my_clk       ; my_clk      ; 0.000        ; 0.000      ; 1.969      ;
; 1.703 ; f_div:inst10|q[4]                                                      ; f_div:inst10|q[11]                                                     ; my_clk       ; my_clk      ; 0.000        ; 0.000      ; 1.969      ;
; 1.707 ; f_div:inst10|q[7]                                                      ; f_div:inst10|q[14]                                                     ; my_clk       ; my_clk      ; 0.000        ; 0.000      ; 1.973      ;
; 1.738 ; f_div:inst10|q[3]                                                      ; f_div:inst10|q[10]                                                     ; my_clk       ; my_clk      ; 0.000        ; 0.000      ; 2.004      ;
+-------+------------------------------------------------------------------------+------------------------------------------------------------------------+--------------+-------------+--------------+------------+------------+


+------------------------------------------------------------------------------------------------------------------------------------------------------------------+
; Recovery: 'my_clk'                                                                                                                                               ;
+-------+-----------+------------------------------------------------------------------------+--------------+-------------+--------------+------------+------------+
; Slack ; From Node ; To Node                                                                ; Launch Clock ; Latch Clock ; Relationship ; Clock Skew ; Data Delay ;
+-------+-----------+------------------------------------------------------------------------+--------------+-------------+--------------+------------+------------+
; 4.395 ; KEY[0]    ; user_interface:inst6|VGA_Visualisation:inst2|clk_div_two:inst9|clk_int ; my_clk       ; my_clk      ; 10.000       ; 1.867      ; 4.508      ;
; 4.395 ; KEY[0]    ; f_div:inst10|clkout                                                    ; my_clk       ; my_clk      ; 10.000       ; 1.867      ; 4.508      ;
; 5.001 ; KEY[0]    ; f_div:inst10|q[15]                                                     ; my_clk       ; my_clk      ; 10.000       ; 2.681      ; 4.716      ;
; 5.001 ; KEY[0]    ; f_div:inst10|q[14]                                                     ; my_clk       ; my_clk      ; 10.000       ; 2.681      ; 4.716      ;
; 5.001 ; KEY[0]    ; f_div:inst10|q[1]                                                      ; my_clk       ; my_clk      ; 10.000       ; 2.681      ; 4.716      ;
; 5.001 ; KEY[0]    ; f_div:inst10|q[0]                                                      ; my_clk       ; my_clk      ; 10.000       ; 2.681      ; 4.716      ;
; 5.001 ; KEY[0]    ; f_div:inst10|q[2]                                                      ; my_clk       ; my_clk      ; 10.000       ; 2.681      ; 4.716      ;
; 5.001 ; KEY[0]    ; f_div:inst10|q[11]                                                     ; my_clk       ; my_clk      ; 10.000       ; 2.681      ; 4.716      ;
; 5.001 ; KEY[0]    ; f_div:inst10|q[12]                                                     ; my_clk       ; my_clk      ; 10.000       ; 2.681      ; 4.716      ;
; 5.001 ; KEY[0]    ; f_div:inst10|q[13]                                                     ; my_clk       ; my_clk      ; 10.000       ; 2.681      ; 4.716      ;
; 5.001 ; KEY[0]    ; f_div:inst10|q[8]                                                      ; my_clk       ; my_clk      ; 10.000       ; 2.681      ; 4.716      ;
; 5.001 ; KEY[0]    ; f_div:inst10|q[10]                                                     ; my_clk       ; my_clk      ; 10.000       ; 2.681      ; 4.716      ;
; 5.001 ; KEY[0]    ; f_div:inst10|q[7]                                                      ; my_clk       ; my_clk      ; 10.000       ; 2.681      ; 4.716      ;
; 5.001 ; KEY[0]    ; f_div:inst10|q[9]                                                      ; my_clk       ; my_clk      ; 10.000       ; 2.681      ; 4.716      ;
; 5.001 ; KEY[0]    ; f_div:inst10|q[6]                                                      ; my_clk       ; my_clk      ; 10.000       ; 2.681      ; 4.716      ;
; 5.001 ; KEY[0]    ; f_div:inst10|q[4]                                                      ; my_clk       ; my_clk      ; 10.000       ; 2.681      ; 4.716      ;
; 5.001 ; KEY[0]    ; f_div:inst10|q[5]                                                      ; my_clk       ; my_clk      ; 10.000       ; 2.681      ; 4.716      ;
; 5.001 ; KEY[0]    ; f_div:inst10|q[3]                                                      ; my_clk       ; my_clk      ; 10.000       ; 2.681      ; 4.716      ;
+-------+-----------+------------------------------------------------------------------------+--------------+-------------+--------------+------------+------------+


+------------------------------------------------------------------------------------------------------------------------------------------------------------------+
; Removal: 'my_clk'                                                                                                                                                ;
+-------+-----------+------------------------------------------------------------------------+--------------+-------------+--------------+------------+------------+
; Slack ; From Node ; To Node                                                                ; Launch Clock ; Latch Clock ; Relationship ; Clock Skew ; Data Delay ;
+-------+-----------+------------------------------------------------------------------------+--------------+-------------+--------------+------------+------------+
; 3.769 ; KEY[0]    ; f_div:inst10|q[15]                                                     ; my_clk       ; my_clk      ; 0.000        ; 2.681      ; 4.716      ;
; 3.769 ; KEY[0]    ; f_div:inst10|q[14]                                                     ; my_clk       ; my_clk      ; 0.000        ; 2.681      ; 4.716      ;
; 3.769 ; KEY[0]    ; f_div:inst10|q[1]                                                      ; my_clk       ; my_clk      ; 0.000        ; 2.681      ; 4.716      ;
; 3.769 ; KEY[0]    ; f_div:inst10|q[0]                                                      ; my_clk       ; my_clk      ; 0.000        ; 2.681      ; 4.716      ;
; 3.769 ; KEY[0]    ; f_div:inst10|q[2]                                                      ; my_clk       ; my_clk      ; 0.000        ; 2.681      ; 4.716      ;
; 3.769 ; KEY[0]    ; f_div:inst10|q[11]                                                     ; my_clk       ; my_clk      ; 0.000        ; 2.681      ; 4.716      ;
; 3.769 ; KEY[0]    ; f_div:inst10|q[12]                                                     ; my_clk       ; my_clk      ; 0.000        ; 2.681      ; 4.716      ;
; 3.769 ; KEY[0]    ; f_div:inst10|q[13]                                                     ; my_clk       ; my_clk      ; 0.000        ; 2.681      ; 4.716      ;
; 3.769 ; KEY[0]    ; f_div:inst10|q[8]                                                      ; my_clk       ; my_clk      ; 0.000        ; 2.681      ; 4.716      ;
; 3.769 ; KEY[0]    ; f_div:inst10|q[10]                                                     ; my_clk       ; my_clk      ; 0.000        ; 2.681      ; 4.716      ;
; 3.769 ; KEY[0]    ; f_div:inst10|q[7]                                                      ; my_clk       ; my_clk      ; 0.000        ; 2.681      ; 4.716      ;
; 3.769 ; KEY[0]    ; f_div:inst10|q[9]                                                      ; my_clk       ; my_clk      ; 0.000        ; 2.681      ; 4.716      ;
; 3.769 ; KEY[0]    ; f_div:inst10|q[6]                                                      ; my_clk       ; my_clk      ; 0.000        ; 2.681      ; 4.716      ;
; 3.769 ; KEY[0]    ; f_div:inst10|q[4]                                                      ; my_clk       ; my_clk      ; 0.000        ; 2.681      ; 4.716      ;
; 3.769 ; KEY[0]    ; f_div:inst10|q[5]                                                      ; my_clk       ; my_clk      ; 0.000        ; 2.681      ; 4.716      ;
; 3.769 ; KEY[0]    ; f_div:inst10|q[3]                                                      ; my_clk       ; my_clk      ; 0.000        ; 2.681      ; 4.716      ;
; 4.375 ; KEY[0]    ; user_interface:inst6|VGA_Visualisation:inst2|clk_div_two:inst9|clk_int ; my_clk       ; my_clk      ; 0.000        ; 1.867      ; 4.508      ;
; 4.375 ; KEY[0]    ; f_div:inst10|clkout                                                    ; my_clk       ; my_clk      ; 0.000        ; 1.867      ; 4.508      ;
+-------+-----------+------------------------------------------------------------------------+--------------+-------------+--------------+------------+------------+


+---------------------------------------------------------------------------------------------------------------------------------------------------------+
; Minimum Pulse Width: 'my_clk'                                                                                                                           ;
+-------+--------------+----------------+------------------+--------+------------+------------------------------------------------------------------------+
; Slack ; Actual Width ; Required Width ; Type             ; Clock  ; Clock Edge ; Target                                                                 ;
+-------+--------------+----------------+------------------+--------+------------+------------------------------------------------------------------------+
; 4.000 ; 5.000        ; 1.000          ; High Pulse Width ; my_clk ; Rise       ; f_div:inst10|clkout                                                    ;
; 4.000 ; 5.000        ; 1.000          ; Low Pulse Width  ; my_clk ; Rise       ; f_div:inst10|clkout                                                    ;
; 4.000 ; 5.000        ; 1.000          ; High Pulse Width ; my_clk ; Rise       ; f_div:inst10|q[0]                                                      ;
; 4.000 ; 5.000        ; 1.000          ; Low Pulse Width  ; my_clk ; Rise       ; f_div:inst10|q[0]                                                      ;
; 4.000 ; 5.000        ; 1.000          ; High Pulse Width ; my_clk ; Rise       ; f_div:inst10|q[10]                                                     ;
; 4.000 ; 5.000        ; 1.000          ; Low Pulse Width  ; my_clk ; Rise       ; f_div:inst10|q[10]                                                     ;
; 4.000 ; 5.000        ; 1.000          ; High Pulse Width ; my_clk ; Rise       ; f_div:inst10|q[11]                                                     ;
; 4.000 ; 5.000        ; 1.000          ; Low Pulse Width  ; my_clk ; Rise       ; f_div:inst10|q[11]                                                     ;
; 4.000 ; 5.000        ; 1.000          ; High Pulse Width ; my_clk ; Rise       ; f_div:inst10|q[12]                                                     ;
; 4.000 ; 5.000        ; 1.000          ; Low Pulse Width  ; my_clk ; Rise       ; f_div:inst10|q[12]                                                     ;
; 4.000 ; 5.000        ; 1.000          ; High Pulse Width ; my_clk ; Rise       ; f_div:inst10|q[13]                                                     ;
; 4.000 ; 5.000        ; 1.000          ; Low Pulse Width  ; my_clk ; Rise       ; f_div:inst10|q[13]                                                     ;
; 4.000 ; 5.000        ; 1.000          ; High Pulse Width ; my_clk ; Rise       ; f_div:inst10|q[14]                                                     ;
; 4.000 ; 5.000        ; 1.000          ; Low Pulse Width  ; my_clk ; Rise       ; f_div:inst10|q[14]                                                     ;
; 4.000 ; 5.000        ; 1.000          ; High Pulse Width ; my_clk ; Rise       ; f_div:inst10|q[15]                                                     ;
; 4.000 ; 5.000        ; 1.000          ; Low Pulse Width  ; my_clk ; Rise       ; f_div:inst10|q[15]                                                     ;
; 4.000 ; 5.000        ; 1.000          ; High Pulse Width ; my_clk ; Rise       ; f_div:inst10|q[1]                                                      ;
; 4.000 ; 5.000        ; 1.000          ; Low Pulse Width  ; my_clk ; Rise       ; f_div:inst10|q[1]                                                      ;
; 4.000 ; 5.000        ; 1.000          ; High Pulse Width ; my_clk ; Rise       ; f_div:inst10|q[2]                                                      ;
; 4.000 ; 5.000        ; 1.000          ; Low Pulse Width  ; my_clk ; Rise       ; f_div:inst10|q[2]                                                      ;
; 4.000 ; 5.000        ; 1.000          ; High Pulse Width ; my_clk ; Rise       ; f_div:inst10|q[3]                                                      ;
; 4.000 ; 5.000        ; 1.000          ; Low Pulse Width  ; my_clk ; Rise       ; f_div:inst10|q[3]                                                      ;
; 4.000 ; 5.000        ; 1.000          ; High Pulse Width ; my_clk ; Rise       ; f_div:inst10|q[4]                                                      ;
; 4.000 ; 5.000        ; 1.000          ; Low Pulse Width  ; my_clk ; Rise       ; f_div:inst10|q[4]                                                      ;
; 4.000 ; 5.000        ; 1.000          ; High Pulse Width ; my_clk ; Rise       ; f_div:inst10|q[5]                                                      ;
; 4.000 ; 5.000        ; 1.000          ; Low Pulse Width  ; my_clk ; Rise       ; f_div:inst10|q[5]                                                      ;
; 4.000 ; 5.000        ; 1.000          ; High Pulse Width ; my_clk ; Rise       ; f_div:inst10|q[6]                                                      ;
; 4.000 ; 5.000        ; 1.000          ; Low Pulse Width  ; my_clk ; Rise       ; f_div:inst10|q[6]                                                      ;
; 4.000 ; 5.000        ; 1.000          ; High Pulse Width ; my_clk ; Rise       ; f_div:inst10|q[7]                                                      ;
; 4.000 ; 5.000        ; 1.000          ; Low Pulse Width  ; my_clk ; Rise       ; f_div:inst10|q[7]                                                      ;
; 4.000 ; 5.000        ; 1.000          ; High Pulse Width ; my_clk ; Rise       ; f_div:inst10|q[8]                                                      ;
; 4.000 ; 5.000        ; 1.000          ; Low Pulse Width  ; my_clk ; Rise       ; f_div:inst10|q[8]                                                      ;
; 4.000 ; 5.000        ; 1.000          ; High Pulse Width ; my_clk ; Rise       ; f_div:inst10|q[9]                                                      ;
; 4.000 ; 5.000        ; 1.000          ; Low Pulse Width  ; my_clk ; Rise       ; f_div:inst10|q[9]                                                      ;
; 4.000 ; 5.000        ; 1.000          ; High Pulse Width ; my_clk ; Rise       ; user_interface:inst6|VGA_Visualisation:inst2|clk_div_two:inst9|clk_int ;
; 4.000 ; 5.000        ; 1.000          ; Low Pulse Width  ; my_clk ; Rise       ; user_interface:inst6|VGA_Visualisation:inst2|clk_div_two:inst9|clk_int ;
; 5.000 ; 5.000        ; 0.000          ; High Pulse Width ; my_clk ; Rise       ; OSC_50|combout                                                         ;
; 5.000 ; 5.000        ; 0.000          ; Low Pulse Width  ; my_clk ; Rise       ; OSC_50|combout                                                         ;
; 5.000 ; 5.000        ; 0.000          ; High Pulse Width ; my_clk ; Rise       ; OSC_50~clkctrl|inclk[0]                                                ;
; 5.000 ; 5.000        ; 0.000          ; Low Pulse Width  ; my_clk ; Rise       ; OSC_50~clkctrl|inclk[0]                                                ;
; 5.000 ; 5.000        ; 0.000          ; High Pulse Width ; my_clk ; Rise       ; OSC_50~clkctrl|outclk                                                  ;
; 5.000 ; 5.000        ; 0.000          ; Low Pulse Width  ; my_clk ; Rise       ; OSC_50~clkctrl|outclk                                                  ;
; 5.000 ; 5.000        ; 0.000          ; High Pulse Width ; my_clk ; Rise       ; inst10|clkout|clk                                                      ;
; 5.000 ; 5.000        ; 0.000          ; Low Pulse Width  ; my_clk ; Rise       ; inst10|clkout|clk                                                      ;
; 5.000 ; 5.000        ; 0.000          ; High Pulse Width ; my_clk ; Rise       ; inst10|q[0]|clk                                                        ;
; 5.000 ; 5.000        ; 0.000          ; Low Pulse Width  ; my_clk ; Rise       ; inst10|q[0]|clk                                                        ;
; 5.000 ; 5.000        ; 0.000          ; High Pulse Width ; my_clk ; Rise       ; inst10|q[10]|clk                                                       ;
; 5.000 ; 5.000        ; 0.000          ; Low Pulse Width  ; my_clk ; Rise       ; inst10|q[10]|clk                                                       ;
; 5.000 ; 5.000        ; 0.000          ; High Pulse Width ; my_clk ; Rise       ; inst10|q[11]|clk                                                       ;
; 5.000 ; 5.000        ; 0.000          ; Low Pulse Width  ; my_clk ; Rise       ; inst10|q[11]|clk                                                       ;
; 5.000 ; 5.000        ; 0.000          ; High Pulse Width ; my_clk ; Rise       ; inst10|q[12]|clk                                                       ;
; 5.000 ; 5.000        ; 0.000          ; Low Pulse Width  ; my_clk ; Rise       ; inst10|q[12]|clk                                                       ;
; 5.000 ; 5.000        ; 0.000          ; High Pulse Width ; my_clk ; Rise       ; inst10|q[13]|clk                                                       ;
; 5.000 ; 5.000        ; 0.000          ; Low Pulse Width  ; my_clk ; Rise       ; inst10|q[13]|clk                                                       ;
; 5.000 ; 5.000        ; 0.000          ; High Pulse Width ; my_clk ; Rise       ; inst10|q[14]|clk                                                       ;
; 5.000 ; 5.000        ; 0.000          ; Low Pulse Width  ; my_clk ; Rise       ; inst10|q[14]|clk                                                       ;
; 5.000 ; 5.000        ; 0.000          ; High Pulse Width ; my_clk ; Rise       ; inst10|q[15]|clk                                                       ;
; 5.000 ; 5.000        ; 0.000          ; Low Pulse Width  ; my_clk ; Rise       ; inst10|q[15]|clk                                                       ;
; 5.000 ; 5.000        ; 0.000          ; High Pulse Width ; my_clk ; Rise       ; inst10|q[1]|clk                                                        ;
; 5.000 ; 5.000        ; 0.000          ; Low Pulse Width  ; my_clk ; Rise       ; inst10|q[1]|clk                                                        ;
; 5.000 ; 5.000        ; 0.000          ; High Pulse Width ; my_clk ; Rise       ; inst10|q[2]|clk                                                        ;
; 5.000 ; 5.000        ; 0.000          ; Low Pulse Width  ; my_clk ; Rise       ; inst10|q[2]|clk                                                        ;
; 5.000 ; 5.000        ; 0.000          ; High Pulse Width ; my_clk ; Rise       ; inst10|q[3]|clk                                                        ;
; 5.000 ; 5.000        ; 0.000          ; Low Pulse Width  ; my_clk ; Rise       ; inst10|q[3]|clk                                                        ;
; 5.000 ; 5.000        ; 0.000          ; High Pulse Width ; my_clk ; Rise       ; inst10|q[4]|clk                                                        ;
; 5.000 ; 5.000        ; 0.000          ; Low Pulse Width  ; my_clk ; Rise       ; inst10|q[4]|clk                                                        ;
; 5.000 ; 5.000        ; 0.000          ; High Pulse Width ; my_clk ; Rise       ; inst10|q[5]|clk                                                        ;
; 5.000 ; 5.000        ; 0.000          ; Low Pulse Width  ; my_clk ; Rise       ; inst10|q[5]|clk                                                        ;
; 5.000 ; 5.000        ; 0.000          ; High Pulse Width ; my_clk ; Rise       ; inst10|q[6]|clk                                                        ;
; 5.000 ; 5.000        ; 0.000          ; Low Pulse Width  ; my_clk ; Rise       ; inst10|q[6]|clk                                                        ;
; 5.000 ; 5.000        ; 0.000          ; High Pulse Width ; my_clk ; Rise       ; inst10|q[7]|clk                                                        ;
; 5.000 ; 5.000        ; 0.000          ; Low Pulse Width  ; my_clk ; Rise       ; inst10|q[7]|clk                                                        ;
; 5.000 ; 5.000        ; 0.000          ; High Pulse Width ; my_clk ; Rise       ; inst10|q[8]|clk                                                        ;
; 5.000 ; 5.000        ; 0.000          ; Low Pulse Width  ; my_clk ; Rise       ; inst10|q[8]|clk                                                        ;
; 5.000 ; 5.000        ; 0.000          ; High Pulse Width ; my_clk ; Rise       ; inst10|q[9]|clk                                                        ;
; 5.000 ; 5.000        ; 0.000          ; Low Pulse Width  ; my_clk ; Rise       ; inst10|q[9]|clk                                                        ;
; 5.000 ; 5.000        ; 0.000          ; High Pulse Width ; my_clk ; Rise       ; inst6|inst2|inst9|clk_int|clk                                          ;
; 5.000 ; 5.000        ; 0.000          ; Low Pulse Width  ; my_clk ; Rise       ; inst6|inst2|inst9|clk_int|clk                                          ;
; 7.620 ; 10.000       ; 2.380          ; Port Rate        ; my_clk ; Rise       ; OSC_50                                                                 ;
+-------+--------------+----------------+------------------+--------+------------+------------------------------------------------------------------------+


+-----------------------------------------------------------------------+
; Clock to Output Times                                                 ;
+-----------+------------+-------+-------+------------+-----------------+
; Data Port ; Clock Port ; Rise  ; Fall  ; Clock Edge ; Clock Reference ;
+-----------+------------+-------+-------+------------+-----------------+
; VGA_CLK   ; my_clk     ; 6.949 ; 6.949 ; Rise       ; my_clk          ;
+-----------+------------+-------+-------+------------+-----------------+


+-----------------------------------------------------------------------+
; Minimum Clock to Output Times                                         ;
+-----------+------------+-------+-------+------------+-----------------+
; Data Port ; Clock Port ; Rise  ; Fall  ; Clock Edge ; Clock Reference ;
+-----------+------------+-------+-------+------------+-----------------+
; VGA_CLK   ; my_clk     ; 6.949 ; 6.949 ; Rise       ; my_clk          ;
+-----------+------------+-------+-------+------------+-----------------+


+-------------------------------------------------------------------+
; Setup Transfers                                                   ;
+------------+----------+----------+----------+----------+----------+
; From Clock ; To Clock ; RR Paths ; FR Paths ; RF Paths ; FF Paths ;
+------------+----------+----------+----------+----------+----------+
; my_clk     ; my_clk   ; 395      ; 0        ; 0        ; 0        ;
+------------+----------+----------+----------+----------+----------+
Entries labeled "false path" only account for clock-to-clock false paths and not path-based false paths. As a result, actual path counts may be lower than reported.


+-------------------------------------------------------------------+
; Hold Transfers                                                    ;
+------------+----------+----------+----------+----------+----------+
; From Clock ; To Clock ; RR Paths ; FR Paths ; RF Paths ; FF Paths ;
+------------+----------+----------+----------+----------+----------+
; my_clk     ; my_clk   ; 395      ; 0        ; 0        ; 0        ;
+------------+----------+----------+----------+----------+----------+
Entries labeled "false path" only account for clock-to-clock false paths and not path-based false paths. As a result, actual path counts may be lower than reported.


+-------------------------------------------------------------------+
; Recovery Transfers                                                ;
+------------+----------+----------+----------+----------+----------+
; From Clock ; To Clock ; RR Paths ; FR Paths ; RF Paths ; FF Paths ;
+------------+----------+----------+----------+----------+----------+
; my_clk     ; my_clk   ; 18       ; 0        ; 0        ; 0        ;
+------------+----------+----------+----------+----------+----------+
Entries labeled "false path" only account for clock-to-clock false paths and not path-based false paths. As a result, actual path counts may be lower than reported.


+-------------------------------------------------------------------+
; Removal Transfers                                                 ;
+------------+----------+----------+----------+----------+----------+
; From Clock ; To Clock ; RR Paths ; FR Paths ; RF Paths ; FF Paths ;
+------------+----------+----------+----------+----------+----------+
; my_clk     ; my_clk   ; 18       ; 0        ; 0        ; 0        ;
+------------+----------+----------+----------+----------+----------+
Entries labeled "false path" only account for clock-to-clock false paths and not path-based false paths. As a result, actual path counts may be lower than reported.


---------------
; Report TCCS ;
---------------
No dedicated SERDES Transmitter circuitry present in device or used in design


---------------
; Report RSKM ;
---------------
No dedicated SERDES Receiver circuitry present in device or used in design


+------------------------------------------------+
; Unconstrained Paths                            ;
+---------------------------------+-------+------+
; Property                        ; Setup ; Hold ;
+---------------------------------+-------+------+
; Illegal Clocks                  ; 0     ; 0    ;
; Unconstrained Clocks            ; 2     ; 2    ;
; Unconstrained Input Ports       ; 0     ; 0    ;
; Unconstrained Input Port Paths  ; 0     ; 0    ;
; Unconstrained Output Ports      ; 0     ; 0    ;
; Unconstrained Output Port Paths ; 0     ; 0    ;
+---------------------------------+-------+------+


+------------------------------------+
; TimeQuest Timing Analyzer Messages ;
+------------------------------------+
Info: *******************************************************************
Info: Running Quartus II TimeQuest Timing Analyzer
    Info: Version 9.1 Build 350 03/24/2010 Service Pack 2 SJ Web Edition
    Info: Processing started: Sun Nov 28 11:07:03 2021
Info: Command: quartus_sta Tron2D -c Tron2D
Info: qsta_default_script.tcl version: #1
Info: Low junction temperature is 0 degrees C
Info: High junction temperature is 85 degrees C
Info: Reading SDC File: 'SDC1.sdc'
Warning: Node: user_interface:inst6|VGA_Visualisation:inst2|clk_div_two:inst9|clk_int was determined to be a clock but was found without an associated clock assignment.
Warning: Node: f_div:inst10|clkout was determined to be a clock but was found without an associated clock assignment.
Info: Worst-case setup slack is 0.051
    Info:     Slack End Point TNS Clock 
    Info: ========= ============= =====================
    Info:     0.051         0.000 my_clk 
Info: Worst-case hold slack is 0.391
    Info:     Slack End Point TNS Clock 
    Info: ========= ============= =====================
    Info:     0.391         0.000 my_clk 
Info: Worst-case recovery slack is 4.395
    Info:     Slack End Point TNS Clock 
    Info: ========= ============= =====================
    Info:     4.395         0.000 my_clk 
Info: Worst-case removal slack is 3.769
    Info:     Slack End Point TNS Clock 
    Info: ========= ============= =====================
    Info:     3.769         0.000 my_clk 
Info: Worst-case minimum pulse width slack is 4.000
    Info:     Slack End Point TNS Clock 
    Info: ========= ============= =====================
    Info:     4.000         0.000 my_clk 
Info: The selected device family is not supported by the report_metastability command.
Info: Design is not fully constrained for setup requirements
Info: Design is not fully constrained for hold requirements
Info: Quartus II TimeQuest Timing Analyzer was successful. 0 errors, 2 warnings
    Info: Peak virtual memory: 251 megabytes
    Info: Processing ended: Sun Nov 28 11:07:03 2021
    Info: Elapsed time: 00:00:00
    Info: Total CPU time (on all processors): 00:00:01


